Using pre-set license
Built from '2020.3/staging' branch; Version is '2020.3.11f1 (99c7afb366b3) revision 10078127'; Using compiler version '192528614'; Build Type 'Release'
OS: 'Windows 10 Pro; OS build 19043.1586; Version 2009; 64bit' Language: 'en' Physical Memory: 8113 MB
BatchMode: 1, IsHumanControllingUs: 0, StartBugReporterOnCrash: 0, Is64bit: 1, IsPro: 0

 COMMAND LINE ARGUMENTS:
C:\Program Files\Unity\Editor\Unity.exe
-adb2
-batchMode
-noUpm
-name
AssetImportWorker0
-projectPath
C:/Users/Chukwuemeka/Documents/ExtendedReality/GitHub/ManoMotion AR
-logFile
Logs/AssetImportWorker0.log
-srvPort
53433
Successfully changed project path to: C:/Users/Chukwuemeka/Documents/ExtendedReality/GitHub/ManoMotion AR
C:/Users/Chukwuemeka/Documents/ExtendedReality/GitHub/ManoMotion AR
Using Asset Import Pipeline V2.
Refreshing native plugins compatible for Editor in 116.86 ms, found 2 plugins.
Preloading 0 native plugins for Editor in 0.00 ms.
Initialize engine version: 2020.3.11f1 (99c7afb366b3)
[Subsystems] Discovering subsystems at path C:/Program Files/Unity/Editor/Data/Resources/UnitySubsystems
[Subsystems] Discovering subsystems at path C:/Users/Chukwuemeka/Documents/ExtendedReality/GitHub/ManoMotion AR/Assets
GfxDevice: creating device client; threaded=0
Direct3D:
    Version:  Direct3D 11.0 [level 11.1]
    Renderer: Intel(R) HD Graphics Family (ID=0xa16)
    Vendor:   
    VRAM:     2048 MB
    Driver:   20.19.15.4835
Initialize mono
Mono path[0] = 'C:/Program Files/Unity/Editor/Data/Managed'
Mono path[1] = 'C:/Program Files/Unity/Editor/Data/MonoBleedingEdge/lib/mono/unityjit'
Mono config path = 'C:/Program Files/Unity/Editor/Data/MonoBleedingEdge/etc'
Using monoOptions --debugger-agent=transport=dt_socket,embedding=1,server=y,suspend=n,address=127.0.0.1:56908
Begin MonoManager ReloadAssembly
Registering precompiled unity dll's ...
Register platform support module: C:/Program Files/Unity/Editor/Data/PlaybackEngines/WindowsStandaloneSupport/UnityEditor.WindowsStandalone.Extensions.dll
Registered in 0.003110 seconds.
Native extension for WindowsStandalone target not found
Refreshing native plugins compatible for Editor in 86.51 ms, found 2 plugins.
Preloading 0 native plugins for Editor in 0.00 ms.
Mono: successfully reloaded assembly
- Completed reload, in  6.468 seconds
Platform modules already initialized, skipping
Registering precompiled user dll's ...
Registered in 0.006000 seconds.
Begin MonoManager ReloadAssembly
Native extension for WindowsStandalone target not found
Refreshing native plugins compatible for Editor in 195.42 ms, found 2 plugins.
Preloading 0 native plugins for Editor in 0.00 ms.
Setting up ManoMotion Library Requirements
UnityEngine.StackTraceUtility:ExtractStackTrace ()
UnityEngine.DebugLogHandler:LogFormat (UnityEngine.LogType,UnityEngine.Object,string,object[])
UnityEngine.Logger:Log (UnityEngine.LogType,object)
UnityEngine.Debug:Log (object)
ManoMotionSetup:.cctor () (at Assets/Editor/ManoMotionSetup.cs:17)
System.Runtime.CompilerServices.RuntimeHelpers:RunClassConstructor (System.RuntimeTypeHandle)
UnityEditor.EditorAssemblies:ProcessInitializeOnLoadAttributes (System.Type[])

(Filename: Assets/Editor/ManoMotionSetup.cs Line: 17)

Successfully set up ManoMotion Library Requirements
UnityEngine.StackTraceUtility:ExtractStackTrace ()
UnityEngine.DebugLogHandler:LogFormat (UnityEngine.LogType,UnityEngine.Object,string,object[])
UnityEngine.Logger:Log (UnityEngine.LogType,object)
UnityEngine.Debug:Log (object)
ManoMotionSetup:.cctor () (at Assets/Editor/ManoMotionSetup.cs:23)
System.Runtime.CompilerServices.RuntimeHelpers:RunClassConstructor (System.RuntimeTypeHandle)
UnityEditor.EditorAssemblies:ProcessInitializeOnLoadAttributes (System.Type[])

(Filename: Assets/Editor/ManoMotionSetup.cs Line: 23)

Mono: successfully reloaded assembly
- Completed reload, in  2.681 seconds
Platform modules already initialized, skipping
========================================================================
Worker process is ready to serve import requests
Launched and connected shader compiler UnityShaderCompiler.exe after 0.31 seconds
Refreshing native plugins compatible for Editor in 1.91 ms, found 2 plugins.
Preloading 0 native plugins for Editor in 0.00 ms.
Unloading 2356 Unused Serialized files (Serialized files now loaded: 0)
System memory in use before: 99.3 MB.
System memory in use after: 99.4 MB.

Unloading 26 unused Assets to reduce memory usage. Loaded Objects now: 2789.
Total: 5.226000 ms (FindLiveObjects: 0.446300 ms CreateObjectMapping: 0.333500 ms MarkObjects: 4.273200 ms  DeleteObjects: 0.170500 ms)

========================================================================
Received Import Request.
  path: Assets/ManoMotion ARFoundation/Examples/Inetraction/Example Interaction.unity
  artifactKey: Guid(27f43207c9bffcb49bcf1d568179f758) Importer(815301076,1909f56bfc062723c751e8b465ee728b)
Start importing Assets/ManoMotion ARFoundation/Examples/Inetraction/Example Interaction.unity using Guid(27f43207c9bffcb49bcf1d568179f758) Importer(815301076,1909f56bfc062723c751e8b465ee728b)  -> (artifact id: '31287621563508a0634c75f6ab7c77dd') in 1.536993 seconds
  Import took 2.057947 seconds .

========================================================================
Received Import Request.
  Time since last request: 1410.259544 seconds.
  path: Assets/Scenes/ManoScene.unity
  artifactKey: Guid(41981297ddb10dc46b0b15fef8400c6e) Importer(815301076,1909f56bfc062723c751e8b465ee728b)
Start importing Assets/Scenes/ManoScene.unity using Guid(41981297ddb10dc46b0b15fef8400c6e) Importer(815301076,1909f56bfc062723c751e8b465ee728b)  -> (artifact id: '901839cb507c66a2df6d47be9923897c') in 0.035796 seconds
  Import took 0.282579 seconds .

========================================================================
Received Import Request.
  Time since last request: 248.195276 seconds.
  path: Assets/Scenes/ManoScene.unity
  artifactKey: Guid(41981297ddb10dc46b0b15fef8400c6e) Importer(815301076,1909f56bfc062723c751e8b465ee728b)
Start importing Assets/Scenes/ManoScene.unity using Guid(41981297ddb10dc46b0b15fef8400c6e) Importer(815301076,1909f56bfc062723c751e8b465ee728b)  -> (artifact id: '0cacabee4a8814c2c2a27bd209914204') in 0.026134 seconds
  Import took 0.099600 seconds .

========================================================================
Received Prepare
Registering precompiled user dll's ...
Registered in 0.433192 seconds.
Begin MonoManager ReloadAssembly
Native extension for WindowsStandalone target not found
Refreshing native plugins compatible for Editor in 0.98 ms, found 2 plugins.
Preloading 0 native plugins for Editor in 0.00 ms.
Setting up ManoMotion Library Requirements
UnityEngine.StackTraceUtility:ExtractStackTrace ()
UnityEngine.DebugLogHandler:LogFormat (UnityEngine.LogType,UnityEngine.Object,string,object[])
UnityEngine.Logger:Log (UnityEngine.LogType,object)
UnityEngine.Debug:Log (object)
ManoMotionSetup:.cctor () (at Assets/Editor/ManoMotionSetup.cs:17)
System.Runtime.CompilerServices.RuntimeHelpers:RunClassConstructor (System.RuntimeTypeHandle)
UnityEditor.EditorAssemblies:ProcessInitializeOnLoadAttributes (System.Type[])

(Filename: Assets/Editor/ManoMotionSetup.cs Line: 17)

Successfully set up ManoMotion Library Requirements
UnityEngine.StackTraceUtility:ExtractStackTrace ()
UnityEngine.DebugLogHandler:LogFormat (UnityEngine.LogType,UnityEngine.Object,string,object[])
UnityEngine.Logger:Log (UnityEngine.LogType,object)
UnityEngine.Debug:Log (object)
ManoMotionSetup:.cctor () (at Assets/Editor/ManoMotionSetup.cs:23)
System.Runtime.CompilerServices.RuntimeHelpers:RunClassConstructor (System.RuntimeTypeHandle)
UnityEditor.EditorAssemblies:ProcessInitializeOnLoadAttributes (System.Type[])

(Filename: Assets/Editor/ManoMotionSetup.cs Line: 23)

Mono: successfully reloaded assembly
- Completed reload, in  2.973 seconds
Platform modules already initialized, skipping
Switching build target platform(19) subTarget(0) extendedPlatform(0) -> platform(13) subTarget(524288) extendedPlatform(0)
Refreshing native plugins compatible for Editor in 1.87 ms, found 2 plugins.
Preloading 0 native plugins for Editor in 0.00 ms.
Unloading 2338 Unused Serialized files (Serialized files now loaded: 0)
System memory in use before: 97.5 MB.
System memory in use after: 97.7 MB.

Unloading 19 unused Assets to reduce memory usage. Loaded Objects now: 2799.
Total: 37.255000 ms (FindLiveObjects: 2.291400 ms CreateObjectMapping: 1.059100 ms MarkObjects: 33.352400 ms  DeleteObjects: 0.528800 ms)

AssetImportParameters requested are different than current active one (requested -> active):
  custom:graphics/normal-map-encoding: 01000000000000000000000000000000 -> 02000000000000000000000000000000
========================================================================
Received Import Request.
  Time since last request: 1670.028031 seconds.
  path: Assets/PowerUp
  artifactKey: Guid(e7e41eea6c5b1fb48932bc3293c557d0) Importer(815301076,1909f56bfc062723c751e8b465ee728b)
Start importing Assets/PowerUp using Guid(e7e41eea6c5b1fb48932bc3293c557d0) Importer(815301076,1909f56bfc062723c751e8b465ee728b)  -> (artifact id: '9523da93f87441c9c9f45ffb39d36c37') in 0.018595 seconds
  Import took 0.084923 seconds .

========================================================================
Received Import Request.
  Time since last request: 0.054478 seconds.
  path: Assets/PowerUp
  artifactKey: Guid(e7e41eea6c5b1fb48932bc3293c557d0) Importer(815301076,1909f56bfc062723c751e8b465ee728b)
Start importing Assets/PowerUp using Guid(e7e41eea6c5b1fb48932bc3293c557d0) Importer(815301076,1909f56bfc062723c751e8b465ee728b)  -> (artifact id: '9523da93f87441c9c9f45ffb39d36c37') in 0.025282 seconds
  Import took 0.067911 seconds .

========================================================================
Received Import Request.
  Time since last request: 5.907952 seconds.
  path: Assets/PowerUp/Particles Systems
  artifactKey: Guid(34303f2ef169f6f40b9097f136f0a63a) Importer(815301076,1909f56bfc062723c751e8b465ee728b)
Start importing Assets/PowerUp/Particles Systems using Guid(34303f2ef169f6f40b9097f136f0a63a) Importer(815301076,1909f56bfc062723c751e8b465ee728b)  -> (artifact id: '9bdfee8096db1189577a2b5b91b0ada7') in 0.019466 seconds
  Import took 0.080891 seconds .

========================================================================
Received Import Request.
  Time since last request: 2.742599 seconds.
  path: Assets/PowerUp/Prefabs
  artifactKey: Guid(6547ba83db6b4094096ae4ff3fc0fc7b) Importer(815301076,1909f56bfc062723c751e8b465ee728b)
Start importing Assets/PowerUp/Prefabs using Guid(6547ba83db6b4094096ae4ff3fc0fc7b) Importer(815301076,1909f56bfc062723c751e8b465ee728b)  -> (artifact id: '6409b00b7a70050b469785c31124d87e') in 0.129591 seconds
  Import took 0.278461 seconds .

========================================================================
Received Prepare
Registering precompiled user dll's ...
Registered in 0.486856 seconds.
Begin MonoManager ReloadAssembly
Native extension for WindowsStandalone target not found
Refreshing native plugins compatible for Editor in 16.73 ms, found 2 plugins.
Preloading 0 native plugins for Editor in 0.00 ms.
Setting up ManoMotion Library Requirements
UnityEngine.StackTraceUtility:ExtractStackTrace ()
UnityEngine.DebugLogHandler:LogFormat (UnityEngine.LogType,UnityEngine.Object,string,object[])
UnityEngine.Logger:Log (UnityEngine.LogType,object)
UnityEngine.Debug:Log (object)
ManoMotionSetup:.cctor () (at Assets/Editor/ManoMotionSetup.cs:17)
System.Runtime.CompilerServices.RuntimeHelpers:RunClassConstructor (System.RuntimeTypeHandle)
UnityEditor.EditorAssemblies:ProcessInitializeOnLoadAttributes (System.Type[])

(Filename: Assets/Editor/ManoMotionSetup.cs Line: 17)

Successfully set up ManoMotion Library Requirements
UnityEngine.StackTraceUtility:ExtractStackTrace ()
UnityEngine.DebugLogHandler:LogFormat (UnityEngine.LogType,UnityEngine.Object,string,object[])
UnityEngine.Logger:Log (UnityEngine.LogType,object)
UnityEngine.Debug:Log (object)
ManoMotionSetup:.cctor () (at Assets/Editor/ManoMotionSetup.cs:23)
System.Runtime.CompilerServices.RuntimeHelpers:RunClassConstructor (System.RuntimeTypeHandle)
UnityEditor.EditorAssemblies:ProcessInitializeOnLoadAttributes (System.Type[])

(Filename: Assets/Editor/ManoMotionSetup.cs Line: 23)

Mono: successfully reloaded assembly
- Completed reload, in  6.874 seconds
Platform modules already initialized, skipping
Switching build target platform(19) subTarget(0) extendedPlatform(0) -> platform(13) subTarget(524288) extendedPlatform(0)
Refreshing native plugins compatible for Editor in 0.80 ms, found 2 plugins.
Preloading 0 native plugins for Editor in 0.00 ms.
Unloading 2338 Unused Serialized files (Serialized files now loaded: 0)
System memory in use before: 97.6 MB.
System memory in use after: 97.8 MB.

Unloading 19 unused Assets to reduce memory usage. Loaded Objects now: 2803.
Total: 3.715900 ms (FindLiveObjects: 0.353000 ms CreateObjectMapping: 0.141600 ms MarkObjects: 3.120400 ms  DeleteObjects: 0.098800 ms)

AssetImportParameters requested are different than current active one (requested -> active):
  custom:graphics/normal-map-encoding: 01000000000000000000000000000000 -> 02000000000000000000000000000000
========================================================================
Received Import Request.
  Time since last request: 187.707072 seconds.
  path: Assets/Modern UI Pack
  artifactKey: Guid(7a28bc3f9a8b9d240ae2e6f52c793805) Importer(815301076,1909f56bfc062723c751e8b465ee728b)
Start importing Assets/Modern UI Pack using Guid(7a28bc3f9a8b9d240ae2e6f52c793805) Importer(815301076,1909f56bfc062723c751e8b465ee728b)  -> (artifact id: '4086f08f24cd215d2b61bf3d8fe35d7b') in 0.036759 seconds
  Import took 0.073115 seconds .

========================================================================
Received Import Request.
  Time since last request: 1.650640 seconds.
  path: Assets/Modern UI Pack
  artifactKey: Guid(7a28bc3f9a8b9d240ae2e6f52c793805) Importer(815301076,1909f56bfc062723c751e8b465ee728b)
Start importing Assets/Modern UI Pack using Guid(7a28bc3f9a8b9d240ae2e6f52c793805) Importer(815301076,1909f56bfc062723c751e8b465ee728b)  -> (artifact id: '4086f08f24cd215d2b61bf3d8fe35d7b') in 0.007595 seconds
  Import took 0.014932 seconds .

========================================================================
Received Import Request.
  Time since last request: 6.820416 seconds.
  path: Assets/Scripts
  artifactKey: Guid(736889b9234ab9a4b9064313bf917c66) Importer(815301076,1909f56bfc062723c751e8b465ee728b)
Start importing Assets/Scripts using Guid(736889b9234ab9a4b9064313bf917c66) Importer(815301076,1909f56bfc062723c751e8b465ee728b)  -> (artifact id: 'ee0e8ec23993def8d45b924a2b752bab') in 0.042647 seconds
  Import took 0.049506 seconds .

========================================================================
Received Import Request.
  Time since last request: 19.666946 seconds.
  path: Assets/Scripts/InteractionScript.cs
  artifactKey: Guid(8c66aadef05d39347ba62281d4ec51f8) Importer(815301076,1909f56bfc062723c751e8b465ee728b)
Start importing Assets/Scripts/InteractionScript.cs using Guid(8c66aadef05d39347ba62281d4ec51f8) Importer(815301076,1909f56bfc062723c751e8b465ee728b)  -> (artifact id: '0057872247c48cb4a94004d6d891abec') in 1.504490 seconds
  Import took 1.553365 seconds .

========================================================================
Received Prepare
Registering precompiled user dll's ...
Registered in 0.012052 seconds.
Begin MonoManager ReloadAssembly
Native extension for WindowsStandalone target not found
Refreshing native plugins compatible for Editor in 1.90 ms, found 2 plugins.
Preloading 0 native plugins for Editor in 0.00 ms.
Setting up ManoMotion Library Requirements
UnityEngine.StackTraceUtility:ExtractStackTrace ()
UnityEngine.DebugLogHandler:LogFormat (UnityEngine.LogType,UnityEngine.Object,string,object[])
UnityEngine.Logger:Log (UnityEngine.LogType,object)
UnityEngine.Debug:Log (object)
ManoMotionSetup:.cctor () (at Assets/Editor/ManoMotionSetup.cs:17)
System.Runtime.CompilerServices.RuntimeHelpers:RunClassConstructor (System.RuntimeTypeHandle)
UnityEditor.EditorAssemblies:ProcessInitializeOnLoadAttributes (System.Type[])

(Filename: Assets/Editor/ManoMotionSetup.cs Line: 17)

Successfully set up ManoMotion Library Requirements
UnityEngine.StackTraceUtility:ExtractStackTrace ()
UnityEngine.DebugLogHandler:LogFormat (UnityEngine.LogType,UnityEngine.Object,string,object[])
UnityEngine.Logger:Log (UnityEngine.LogType,object)
UnityEngine.Debug:Log (object)
ManoMotionSetup:.cctor () (at Assets/Editor/ManoMotionSetup.cs:23)
System.Runtime.CompilerServices.RuntimeHelpers:RunClassConstructor (System.RuntimeTypeHandle)
UnityEditor.EditorAssemblies:ProcessInitializeOnLoadAttributes (System.Type[])

(Filename: Assets/Editor/ManoMotionSetup.cs Line: 23)

Mono: successfully reloaded assembly
- Completed reload, in  6.472 seconds
Platform modules already initialized, skipping
Switching build target platform(19) subTarget(0) extendedPlatform(0) -> platform(13) subTarget(524288) extendedPlatform(0)
Refreshing native plugins compatible for Editor in 1.76 ms, found 2 plugins.
Preloading 0 native plugins for Editor in 0.00 ms.
Unloading 2339 Unused Serialized files (Serialized files now loaded: 0)
System memory in use before: 97.6 MB.
System memory in use after: 97.8 MB.

Unloading 19 unused Assets to reduce memory usage. Loaded Objects now: 2808.
Total: 7.949200 ms (FindLiveObjects: 0.956300 ms CreateObjectMapping: 0.562400 ms MarkObjects: 6.267700 ms  DeleteObjects: 0.159000 ms)

AssetImportParameters requested are different than current active one (requested -> active):
  custom:graphics/normal-map-encoding: 01000000000000000000000000000000 -> 02000000000000000000000000000000
========================================================================
Received Prepare
Registering precompiled user dll's ...
Registered in 0.014487 seconds.
Begin MonoManager ReloadAssembly
Native extension for WindowsStandalone target not found
Refreshing native plugins compatible for Editor in 1.47 ms, found 2 plugins.
Preloading 0 native plugins for Editor in 0.00 ms.
Setting up ManoMotion Library Requirements
UnityEngine.StackTraceUtility:ExtractStackTrace ()
UnityEngine.DebugLogHandler:LogFormat (UnityEngine.LogType,UnityEngine.Object,string,object[])
UnityEngine.Logger:Log (UnityEngine.LogType,object)
UnityEngine.Debug:Log (object)
ManoMotionSetup:.cctor () (at Assets/Editor/ManoMotionSetup.cs:17)
System.Runtime.CompilerServices.RuntimeHelpers:RunClassConstructor (System.RuntimeTypeHandle)
UnityEditor.EditorAssemblies:ProcessInitializeOnLoadAttributes (System.Type[])

(Filename: Assets/Editor/ManoMotionSetup.cs Line: 17)

Successfully set up ManoMotion Library Requirements
UnityEngine.StackTraceUtility:ExtractStackTrace ()
UnityEngine.DebugLogHandler:LogFormat (UnityEngine.LogType,UnityEngine.Object,string,object[])
UnityEngine.Logger:Log (UnityEngine.LogType,object)
UnityEngine.Debug:Log (object)
ManoMotionSetup:.cctor () (at Assets/Editor/ManoMotionSetup.cs:23)
System.Runtime.CompilerServices.RuntimeHelpers:RunClassConstructor (System.RuntimeTypeHandle)
UnityEditor.EditorAssemblies:ProcessInitializeOnLoadAttributes (System.Type[])

(Filename: Assets/Editor/ManoMotionSetup.cs Line: 23)

Mono: successfully reloaded assembly
- Completed reload, in  5.066 seconds
Platform modules already initialized, skipping
Switching build target platform(19) subTarget(0) extendedPlatform(0) -> platform(13) subTarget(524288) extendedPlatform(0)
Refreshing native plugins compatible for Editor in 4.17 ms, found 2 plugins.
Preloading 0 native plugins for Editor in 0.00 ms.
Unloading 2339 Unused Serialized files (Serialized files now loaded: 0)
System memory in use before: 97.7 MB.
System memory in use after: 97.8 MB.

Unloading 19 unused Assets to reduce memory usage. Loaded Objects now: 2812.
Total: 7.489400 ms (FindLiveObjects: 0.826600 ms CreateObjectMapping: 0.363400 ms MarkObjects: 5.712600 ms  DeleteObjects: 0.582500 ms)

AssetImportParameters requested are different than current active one (requested -> active):
  custom:graphics/normal-map-encoding: 01000000000000000000000000000000 -> 02000000000000000000000000000000
========================================================================
Received Import Request.
  Time since last request: 1308.038056 seconds.
  path: Assets/PowerUp/Materials/flame-1.mat
  artifactKey: Guid(35a80721181006b41a9a1f03dd6ac05f) Importer(815301076,1909f56bfc062723c751e8b465ee728b)
Start importing Assets/PowerUp/Materials/flame-1.mat using Guid(35a80721181006b41a9a1f03dd6ac05f) Importer(815301076,1909f56bfc062723c751e8b465ee728b)  -> (artifact id: '5cda25073464734447ea8bc8be73196a') in 3.527209 seconds
  Import took 3.621351 seconds .

========================================================================
Received Import Request.
  Time since last request: 82.025742 seconds.
  path: Assets/Scripts/TimedObjectDestructor.cs
  artifactKey: Guid(7436b5fbd42d94741bac1a91a8b258e7) Importer(815301076,1909f56bfc062723c751e8b465ee728b)
Start importing Assets/Scripts/TimedObjectDestructor.cs using Guid(7436b5fbd42d94741bac1a91a8b258e7) Importer(815301076,1909f56bfc062723c751e8b465ee728b)  -> (artifact id: 'ecfe75cfef5803152e61c64497bfe0d6') in 0.163421 seconds
  Import took 0.310379 seconds .

========================================================================
Received Prepare
Registering precompiled user dll's ...
Registered in 0.074903 seconds.
Begin MonoManager ReloadAssembly
Native extension for WindowsStandalone target not found
Refreshing native plugins compatible for Editor in 3.52 ms, found 2 plugins.
Preloading 0 native plugins for Editor in 0.00 ms.
Setting up ManoMotion Library Requirements
UnityEngine.StackTraceUtility:ExtractStackTrace ()
UnityEngine.DebugLogHandler:LogFormat (UnityEngine.LogType,UnityEngine.Object,string,object[])
UnityEngine.Logger:Log (UnityEngine.LogType,object)
UnityEngine.Debug:Log (object)
ManoMotionSetup:.cctor () (at Assets/Editor/ManoMotionSetup.cs:17)
System.Runtime.CompilerServices.RuntimeHelpers:RunClassConstructor (System.RuntimeTypeHandle)
UnityEditor.EditorAssemblies:ProcessInitializeOnLoadAttributes (System.Type[])

(Filename: Assets/Editor/ManoMotionSetup.cs Line: 17)

Successfully set up ManoMotion Library Requirements
UnityEngine.StackTraceUtility:ExtractStackTrace ()
UnityEngine.DebugLogHandler:LogFormat (UnityEngine.LogType,UnityEngine.Object,string,object[])
UnityEngine.Logger:Log (UnityEngine.LogType,object)
UnityEngine.Debug:Log (object)
ManoMotionSetup:.cctor () (at Assets/Editor/ManoMotionSetup.cs:23)
System.Runtime.CompilerServices.RuntimeHelpers:RunClassConstructor (System.RuntimeTypeHandle)
UnityEditor.EditorAssemblies:ProcessInitializeOnLoadAttributes (System.Type[])

(Filename: Assets/Editor/ManoMotionSetup.cs Line: 23)

Mono: successfully reloaded assembly
- Completed reload, in  8.279 seconds
Platform modules already initialized, skipping
Switching build target platform(19) subTarget(0) extendedPlatform(0) -> platform(13) subTarget(524288) extendedPlatform(0)
Refreshing native plugins compatible for Editor in 3.46 ms, found 2 plugins.
Preloading 0 native plugins for Editor in 0.00 ms.
Unloading 2340 Unused Serialized files (Serialized files now loaded: 0)
System memory in use before: 100.8 MB.
System memory in use after: 101.0 MB.

Unloading 19 unused Assets to reduce memory usage. Loaded Objects now: 2858.
Total: 52.431600 ms (FindLiveObjects: 1.619900 ms CreateObjectMapping: 0.464700 ms MarkObjects: 49.899900 ms  DeleteObjects: 0.439800 ms)

AssetImportParameters requested are different than current active one (requested -> active):
  custom:graphics/normal-map-encoding: 01000000000000000000000000000000 -> 02000000000000000000000000000000
========================================================================
Received Import Request.
  Time since last request: 101.680449 seconds.
  path: Assets/Prefabs
  artifactKey: Guid(a92007692a212854ead8306751c2d95d) Importer(815301076,1909f56bfc062723c751e8b465ee728b)
Start importing Assets/Prefabs using Guid(a92007692a212854ead8306751c2d95d) Importer(815301076,1909f56bfc062723c751e8b465ee728b)  -> (artifact id: 'cbbd53ff5bbb0ee75499e68ca647ec27') in 0.033323 seconds
  Import took 0.139778 seconds .

========================================================================
Received Import Request.
  Time since last request: 8.148359 seconds.
  path: Assets/Prefabs/BlueFrameParticle.prefab
  artifactKey: Guid(fc914ecc7d70aa641a4fa820d2c27b99) Importer(815301076,1909f56bfc062723c751e8b465ee728b)
Start importing Assets/Prefabs/BlueFrameParticle.prefab using Guid(fc914ecc7d70aa641a4fa820d2c27b99) Importer(815301076,1909f56bfc062723c751e8b465ee728b)  -> (artifact id: '0bd70d56ac4060cb531569077457712f') in 0.371872 seconds
  Import took 0.468166 seconds .

========================================================================
Received Prepare
Registering precompiled user dll's ...
Registered in 0.016419 seconds.
Begin MonoManager ReloadAssembly
Native extension for WindowsStandalone target not found
Refreshing native plugins compatible for Editor in 3.57 ms, found 2 plugins.
Preloading 0 native plugins for Editor in 0.00 ms.
Setting up ManoMotion Library Requirements
UnityEngine.StackTraceUtility:ExtractStackTrace ()
UnityEngine.DebugLogHandler:LogFormat (UnityEngine.LogType,UnityEngine.Object,string,object[])
UnityEngine.Logger:Log (UnityEngine.LogType,object)
UnityEngine.Debug:Log (object)
ManoMotionSetup:.cctor () (at Assets/Editor/ManoMotionSetup.cs:17)
System.Runtime.CompilerServices.RuntimeHelpers:RunClassConstructor (System.RuntimeTypeHandle)
UnityEditor.EditorAssemblies:ProcessInitializeOnLoadAttributes (System.Type[])

(Filename: Assets/Editor/ManoMotionSetup.cs Line: 17)

Successfully set up ManoMotion Library Requirements
UnityEngine.StackTraceUtility:ExtractStackTrace ()
UnityEngine.DebugLogHandler:LogFormat (UnityEngine.LogType,UnityEngine.Object,string,object[])
UnityEngine.Logger:Log (UnityEngine.LogType,object)
UnityEngine.Debug:Log (object)
ManoMotionSetup:.cctor () (at Assets/Editor/ManoMotionSetup.cs:23)
System.Runtime.CompilerServices.RuntimeHelpers:RunClassConstructor (System.RuntimeTypeHandle)
UnityEditor.EditorAssemblies:ProcessInitializeOnLoadAttributes (System.Type[])

(Filename: Assets/Editor/ManoMotionSetup.cs Line: 23)

Mono: successfully reloaded assembly
- Completed reload, in 12.415 seconds
Platform modules already initialized, skipping
Switching build target platform(19) subTarget(0) extendedPlatform(0) -> platform(13) subTarget(524288) extendedPlatform(0)
Refreshing native plugins compatible for Editor in 1.63 ms, found 2 plugins.
Preloading 0 native plugins for Editor in 0.00 ms.
Unloading 2340 Unused Serialized files (Serialized files now loaded: 0)
System memory in use before: 100.9 MB.
System memory in use after: 101.1 MB.

Unloading 19 unused Assets to reduce memory usage. Loaded Objects now: 2862.
Total: 7.549100 ms (FindLiveObjects: 1.210100 ms CreateObjectMapping: 0.788800 ms MarkObjects: 5.416500 ms  DeleteObjects: 0.130200 ms)

AssetImportParameters requested are different than current active one (requested -> active):
  custom:graphics/normal-map-encoding: 01000000000000000000000000000000 -> 02000000000000000000000000000000
========================================================================
Received Prepare
Refreshing native plugins compatible for Editor in 7.54 ms, found 2 plugins.
Preloading 0 native plugins for Editor in 0.00 ms.
Unloading 16 Unused Serialized files (Serialized files now loaded: 0)
System memory in use before: 54.8 MB.
System memory in use after: 55.0 MB.

Unloading 15 unused Assets to reduce memory usage. Loaded Objects now: 2863.
Total: 4.698400 ms (FindLiveObjects: 0.340800 ms CreateObjectMapping: 0.149200 ms MarkObjects: 4.110300 ms  DeleteObjects: 0.096300 ms)

========================================================================
Received Import Request.
  Time since last request: 3639.867093 seconds.
  path: Assets/Prefabs/BlueFrameParticle.prefab
  artifactKey: Guid(fc914ecc7d70aa641a4fa820d2c27b99) Importer(815301076,1909f56bfc062723c751e8b465ee728b)
Start importing Assets/Prefabs/BlueFrameParticle.prefab using Guid(fc914ecc7d70aa641a4fa820d2c27b99) Importer(815301076,1909f56bfc062723c751e8b465ee728b)  -> (artifact id: 'a839e625bf8d064d9507255b1c9de7df') in 33.651159 seconds
  Import took 45.655647 seconds .

========================================================================
Received Prepare
Registering precompiled user dll's ...
Registered in 0.614840 seconds.
Begin MonoManager ReloadAssembly
Native extension for WindowsStandalone target not found
Refreshing native plugins compatible for Editor in 1.15 ms, found 2 plugins.
Preloading 0 native plugins for Editor in 0.00 ms.
Setting up ManoMotion Library Requirements
UnityEngine.StackTraceUtility:ExtractStackTrace ()
UnityEngine.DebugLogHandler:LogFormat (UnityEngine.LogType,UnityEngine.Object,string,object[])
UnityEngine.Logger:Log (UnityEngine.LogType,object)
UnityEngine.Debug:Log (object)
ManoMotionSetup:.cctor () (at Assets/Editor/ManoMotionSetup.cs:17)
System.Runtime.CompilerServices.RuntimeHelpers:RunClassConstructor (System.RuntimeTypeHandle)
UnityEditor.EditorAssemblies:ProcessInitializeOnLoadAttributes (System.Type[])

(Filename: Assets/Editor/ManoMotionSetup.cs Line: 17)

Successfully set up ManoMotion Library Requirements
UnityEngine.StackTraceUtility:ExtractStackTrace ()
UnityEngine.DebugLogHandler:LogFormat (UnityEngine.LogType,UnityEngine.Object,string,object[])
UnityEngine.Logger:Log (UnityEngine.LogType,object)
UnityEngine.Debug:Log (object)
ManoMotionSetup:.cctor () (at Assets/Editor/ManoMotionSetup.cs:23)
System.Runtime.CompilerServices.RuntimeHelpers:RunClassConstructor (System.RuntimeTypeHandle)
UnityEditor.EditorAssemblies:ProcessInitializeOnLoadAttributes (System.Type[])

(Filename: Assets/Editor/ManoMotionSetup.cs Line: 23)

Mono: successfully reloaded assembly
- Completed reload, in 20.124 seconds
Platform modules already initialized, skipping
Switching build target platform(19) subTarget(0) extendedPlatform(0) -> platform(13) subTarget(524288) extendedPlatform(0)
Refreshing native plugins compatible for Editor in 0.84 ms, found 2 plugins.
Preloading 0 native plugins for Editor in 0.00 ms.
Unloading 2339 Unused Serialized files (Serialized files now loaded: 0)
System memory in use before: 100.9 MB.
System memory in use after: 101.0 MB.

Unloading 19 unused Assets to reduce memory usage. Loaded Objects now: 2866.
Total: 4.329200 ms (FindLiveObjects: 0.321600 ms CreateObjectMapping: 0.141000 ms MarkObjects: 3.739700 ms  DeleteObjects: 0.124500 ms)

AssetImportParameters requested are different than current active one (requested -> active):
  custom:graphics/normal-map-encoding: 01000000000000000000000000000000 -> 02000000000000000000000000000000
========================================================================
Received Import Request.
  Time since last request: 60579.685835 seconds.
  path: Assets/Prefabs/BlueFrameParticle.prefab
  artifactKey: Guid(fc914ecc7d70aa641a4fa820d2c27b99) Importer(815301076,1909f56bfc062723c751e8b465ee728b)
Start importing Assets/Prefabs/BlueFrameParticle.prefab using Guid(fc914ecc7d70aa641a4fa820d2c27b99) Importer(815301076,1909f56bfc062723c751e8b465ee728b)  -> (artifact id: 'eecd7e8daf6db4a2dd8494273b66d2b7') in 0.109086 seconds
  Import took 0.176641 seconds .

========================================================================
Received Import Request.
  Time since last request: 0.097244 seconds.
  path: Assets/Prefabs/BlueFrameParticle.prefab
  artifactKey: Guid(fc914ecc7d70aa641a4fa820d2c27b99) Importer(815301076,1909f56bfc062723c751e8b465ee728b)
Start importing Assets/Prefabs/BlueFrameParticle.prefab using Guid(fc914ecc7d70aa641a4fa820d2c27b99) Importer(815301076,1909f56bfc062723c751e8b465ee728b)  -> (artifact id: 'eecd7e8daf6db4a2dd8494273b66d2b7') in 0.012252 seconds
  Import took 0.020551 seconds .

========================================================================
Received Import Request.
  Time since last request: 86.722286 seconds.
  path: Assets/Scenes/ManoMotionFromSample.unity
  artifactKey: Guid(951fae4a53a48024bac6e39261e5df68) Importer(815301076,1909f56bfc062723c751e8b465ee728b)
Start importing Assets/Scenes/ManoMotionFromSample.unity using Guid(951fae4a53a48024bac6e39261e5df68) Importer(815301076,1909f56bfc062723c751e8b465ee728b)  -> (artifact id: '784b214ae2296fd8e9981f05817bb1e7') in 0.021476 seconds
  Import took 0.081768 seconds .

========================================================================
Received Import Request.
  Time since last request: 34.471148 seconds.
  path: Assets/ManoMotion ARFoundation/Examples/Inetraction/Example InteractionSettings.lighting
  artifactKey: Guid(cfed635a62ce0b84f8d7e6fccd69958a) Importer(815301076,1909f56bfc062723c751e8b465ee728b)
Start importing Assets/ManoMotion ARFoundation/Examples/Inetraction/Example InteractionSettings.lighting using Guid(cfed635a62ce0b84f8d7e6fccd69958a) Importer(815301076,1909f56bfc062723c751e8b465ee728b)  -> (artifact id: '5ca6d6a62274ed2ff311dd4a2b1468cc') in 0.343559 seconds
  Import took 0.830567 seconds .

========================================================================
Received Import Request.
  Time since last request: 0.306968 seconds.
  path: Assets/ManoMotion ARFoundation/Examples/Inetraction/Example InteractionSettings.lighting
  artifactKey: Guid(cfed635a62ce0b84f8d7e6fccd69958a) Importer(815301076,1909f56bfc062723c751e8b465ee728b)
Start importing Assets/ManoMotion ARFoundation/Examples/Inetraction/Example InteractionSettings.lighting using Guid(cfed635a62ce0b84f8d7e6fccd69958a) Importer(815301076,1909f56bfc062723c751e8b465ee728b)  -> (artifact id: '5ca6d6a62274ed2ff311dd4a2b1468cc') in 0.006276 seconds
  Import took 0.011447 seconds .

========================================================================
Received Import Request.
  Time since last request: 300.337581 seconds.
  path: Assets/Scenes/ManoMotionFromSample.unity
  artifactKey: Guid(951fae4a53a48024bac6e39261e5df68) Importer(815301076,1909f56bfc062723c751e8b465ee728b)
Start importing Assets/Scenes/ManoMotionFromSample.unity using Guid(951fae4a53a48024bac6e39261e5df68) Importer(815301076,1909f56bfc062723c751e8b465ee728b)  -> (artifact id: '2bc144ed62549718054ef3e470a9a0ba') in 0.026239 seconds
  Import took 0.255547 seconds .

========================================================================
Received Import Request.
  Time since last request: 44.723721 seconds.
  path: Assets/Scenes/ManoMotionFromSample.unity
  artifactKey: Guid(951fae4a53a48024bac6e39261e5df68) Importer(815301076,1909f56bfc062723c751e8b465ee728b)
Start importing Assets/Scenes/ManoMotionFromSample.unity using Guid(951fae4a53a48024bac6e39261e5df68) Importer(815301076,1909f56bfc062723c751e8b465ee728b)  -> (artifact id: 'cf3d7a7062f5b26e907ba44152dbe08c') in 0.009213 seconds
  Import took 0.430294 seconds .

========================================================================
Received Import Request.
  Time since last request: 116.864382 seconds.
  path: Assets/Scenes/ManoMotionFromSample.unity
  artifactKey: Guid(951fae4a53a48024bac6e39261e5df68) Importer(815301076,1909f56bfc062723c751e8b465ee728b)
Start importing Assets/Scenes/ManoMotionFromSample.unity using Guid(951fae4a53a48024bac6e39261e5df68) Importer(815301076,1909f56bfc062723c751e8b465ee728b)  -> (artifact id: '91a877b81acce2978fde03208ae4325b') in 0.074374 seconds
  Import took 0.273958 seconds .

========================================================================
Received Import Request.
  Time since last request: 30.366500 seconds.
  path: Assets/Scenes/ManoScene.unity
  artifactKey: Guid(41981297ddb10dc46b0b15fef8400c6e) Importer(815301076,1909f56bfc062723c751e8b465ee728b)
Start importing Assets/Scenes/ManoScene.unity using Guid(41981297ddb10dc46b0b15fef8400c6e) Importer(815301076,1909f56bfc062723c751e8b465ee728b)  -> (artifact id: '1a38120e849acf382b4125885c4ff792') in 0.021303 seconds
  Import took 0.061954 seconds .

========================================================================
Received Import Request.
  Time since last request: 85.255423 seconds.
  path: Assets/Scenes/ManoScene.unity
  artifactKey: Guid(41981297ddb10dc46b0b15fef8400c6e) Importer(815301076,1909f56bfc062723c751e8b465ee728b)
Start importing Assets/Scenes/ManoScene.unity using Guid(41981297ddb10dc46b0b15fef8400c6e) Importer(815301076,1909f56bfc062723c751e8b465ee728b)  -> (artifact id: '89b31c968361fd9e84404c54494e40a4') in 0.018649 seconds
  Import took 0.120061 seconds .

========================================================================
Received Prepare
Registering precompiled user dll's ...
Registered in 0.165235 seconds.
Begin MonoManager ReloadAssembly
Native extension for WindowsStandalone target not found
Refreshing native plugins compatible for Editor in 1.23 ms, found 2 plugins.
Preloading 0 native plugins for Editor in 0.00 ms.
Setting up ManoMotion Library Requirements
UnityEngine.StackTraceUtility:ExtractStackTrace ()
UnityEngine.DebugLogHandler:LogFormat (UnityEngine.LogType,UnityEngine.Object,string,object[])
UnityEngine.Logger:Log (UnityEngine.LogType,object)
UnityEngine.Debug:Log (object)
ManoMotionSetup:.cctor () (at Assets/Editor/ManoMotionSetup.cs:17)
System.Runtime.CompilerServices.RuntimeHelpers:RunClassConstructor (System.RuntimeTypeHandle)
UnityEditor.EditorAssemblies:ProcessInitializeOnLoadAttributes (System.Type[])

(Filename: Assets/Editor/ManoMotionSetup.cs Line: 17)

Successfully set up ManoMotion Library Requirements
UnityEngine.StackTraceUtility:ExtractStackTrace ()
UnityEngine.DebugLogHandler:LogFormat (UnityEngine.LogType,UnityEngine.Object,string,object[])
UnityEngine.Logger:Log (UnityEngine.LogType,object)
UnityEngine.Debug:Log (object)
ManoMotionSetup:.cctor () (at Assets/Editor/ManoMotionSetup.cs:23)
System.Runtime.CompilerServices.RuntimeHelpers:RunClassConstructor (System.RuntimeTypeHandle)
UnityEditor.EditorAssemblies:ProcessInitializeOnLoadAttributes (System.Type[])

(Filename: Assets/Editor/ManoMotionSetup.cs Line: 23)

Mono: successfully reloaded assembly
- Completed reload, in  4.086 seconds
Platform modules already initialized, skipping
Switching build target platform(19) subTarget(0) extendedPlatform(0) -> platform(13) subTarget(524288) extendedPlatform(0)
Refreshing native plugins compatible for Editor in 0.77 ms, found 2 plugins.
Preloading 0 native plugins for Editor in 0.00 ms.
Unloading 2340 Unused Serialized files (Serialized files now loaded: 0)
System memory in use before: 101.0 MB.
System memory in use after: 101.2 MB.

Unloading 19 unused Assets to reduce memory usage. Loaded Objects now: 2870.
Total: 4.431600 ms (FindLiveObjects: 0.322000 ms CreateObjectMapping: 0.137000 ms MarkObjects: 3.872000 ms  DeleteObjects: 0.098700 ms)

AssetImportParameters requested are different than current active one (requested -> active):
  custom:graphics/normal-map-encoding: 01000000000000000000000000000000 -> 02000000000000000000000000000000
========================================================================
Received Prepare
Refreshing native plugins compatible for Editor in 115.37 ms, found 2 plugins.
Preloading 0 native plugins for Editor in 0.00 ms.
Unloading 16 Unused Serialized files (Serialized files now loaded: 0)
System memory in use before: 54.8 MB.
System memory in use after: 55.0 MB.

Unloading 15 unused Assets to reduce memory usage. Loaded Objects now: 2871.
Total: 5.218000 ms (FindLiveObjects: 0.332100 ms CreateObjectMapping: 0.147900 ms MarkObjects: 4.645700 ms  DeleteObjects: 0.090300 ms)

========================================================================
Received Prepare
Registering precompiled user dll's ...
Registered in 0.649486 seconds.
Begin MonoManager ReloadAssembly
Native extension for WindowsStandalone target not found
Refreshing native plugins compatible for Editor in 9.33 ms, found 2 plugins.
Preloading 0 native plugins for Editor in 0.00 ms.
Setting up ManoMotion Library Requirements
UnityEngine.StackTraceUtility:ExtractStackTrace ()
UnityEngine.DebugLogHandler:LogFormat (UnityEngine.LogType,UnityEngine.Object,string,object[])
UnityEngine.Logger:Log (UnityEngine.LogType,object)
UnityEngine.Debug:Log (object)
ManoMotionSetup:.cctor () (at Assets/Editor/ManoMotionSetup.cs:17)
System.Runtime.CompilerServices.RuntimeHelpers:RunClassConstructor (System.RuntimeTypeHandle)
UnityEditor.EditorAssemblies:ProcessInitializeOnLoadAttributes (System.Type[])

(Filename: Assets/Editor/ManoMotionSetup.cs Line: 17)

Successfully set up ManoMotion Library Requirements
UnityEngine.StackTraceUtility:ExtractStackTrace ()
UnityEngine.DebugLogHandler:LogFormat (UnityEngine.LogType,UnityEngine.Object,string,object[])
UnityEngine.Logger:Log (UnityEngine.LogType,object)
UnityEngine.Debug:Log (object)
ManoMotionSetup:.cctor () (at Assets/Editor/ManoMotionSetup.cs:23)
System.Runtime.CompilerServices.RuntimeHelpers:RunClassConstructor (System.RuntimeTypeHandle)
UnityEditor.EditorAssemblies:ProcessInitializeOnLoadAttributes (System.Type[])

(Filename: Assets/Editor/ManoMotionSetup.cs Line: 23)

Mono: successfully reloaded assembly
- Completed reload, in  7.017 seconds
Platform modules already initialized, skipping
Switching build target platform(19) subTarget(0) extendedPlatform(0) -> platform(13) subTarget(524288) extendedPlatform(0)
Refreshing native plugins compatible for Editor in 0.93 ms, found 2 plugins.
Preloading 0 native plugins for Editor in 0.00 ms.
Unloading 2339 Unused Serialized files (Serialized files now loaded: 0)
System memory in use before: 100.9 MB.
System memory in use after: 101.1 MB.

Unloading 18 unused Assets to reduce memory usage. Loaded Objects now: 2875.
Total: 21.997900 ms (FindLiveObjects: 0.442000 ms CreateObjectMapping: 0.281000 ms MarkObjects: 21.003300 ms  DeleteObjects: 0.268900 ms)

AssetImportParameters requested are different than current active one (requested -> active):
  custom:graphics/normal-map-encoding: 01000000000000000000000000000000 -> 02000000000000000000000000000000
========================================================================
Received Import Request.
  Time since last request: 8838.266623 seconds.
  path: Assets/Prefabs/BlueFrameParticle.prefab
  artifactKey: Guid(fc914ecc7d70aa641a4fa820d2c27b99) Importer(815301076,1909f56bfc062723c751e8b465ee728b)
Start importing Assets/Prefabs/BlueFrameParticle.prefab using Guid(fc914ecc7d70aa641a4fa820d2c27b99) Importer(815301076,1909f56bfc062723c751e8b465ee728b)  -> (artifact id: '06a292f5de51da0d587025fc253b80d6') in 0.547907 seconds
  Import took 0.734444 seconds .

========================================================================
Received Import Request.
  Time since last request: 16.499001 seconds.
  path: Assets/Prefabs/BlueFrameParticle.prefab
  artifactKey: Guid(fc914ecc7d70aa641a4fa820d2c27b99) Importer(815301076,1909f56bfc062723c751e8b465ee728b)
Start importing Assets/Prefabs/BlueFrameParticle.prefab using Guid(fc914ecc7d70aa641a4fa820d2c27b99) Importer(815301076,1909f56bfc062723c751e8b465ee728b)  -> (artifact id: '23ba5d7ba43f56201d610db4aeb760a4') in 0.010992 seconds
  Import took 0.271332 seconds .

========================================================================
Received Prepare
Refreshing native plugins compatible for Editor in 34.60 ms, found 2 plugins.
Preloading 0 native plugins for Editor in 0.00 ms.
Unloading 15 Unused Serialized files (Serialized files now loaded: 0)
System memory in use before: 54.9 MB.
System memory in use after: 55.1 MB.

Unloading 15 unused Assets to reduce memory usage. Loaded Objects now: 2875.
Total: 5.008100 ms (FindLiveObjects: 0.392200 ms CreateObjectMapping: 0.138700 ms MarkObjects: 4.383000 ms  DeleteObjects: 0.092100 ms)

